<?xml version="1.0" encoding="UTF-8"?>
<testsuite name="com.kodilla.school.StudentTestSuite" tests="4" skipped="0" failures="0" errors="0" timestamp="2025-11-28T18:09:44.133Z" hostname="DESKTOP-CMK6P3P" time="0.009">
  <properties/>
  <testcase name="shouldCalculateCorrectAveragesIfValuesAreInRange()" classname="com.kodilla.school.StudentTestSuite" time="0.004"/>
  <testcase name="shouldCalculateStudentAverage()" classname="com.kodilla.school.StudentTestSuite" time="0.001"/>
  <testcase name="shouldCalculateAveragesIfValuesAreOutsideRange()" classname="com.kodilla.school.StudentTestSuite" time="0.001"/>
  <testcase name="averageShouldBeZeroIfStudentDontHaveGrades()" classname="com.kodilla.school.StudentTestSuite" time="0.0"/>
  <system-out><![CDATA[]]></system-out>
  <system-err><![CDATA[]]></system-err>
</testsuite>
