<?xml version="1.0" encoding="UTF-8"?>
<testsuite name="com.kodilla.basic_assertion.CalculatorTestSuite" tests="5" skipped="0" failures="0" errors="0" timestamp="2025-11-28T18:09:44.105Z" hostname="DESKTOP-CMK6P3P" time="0.011">
  <properties/>
  <testcase name="testSum()" classname="com.kodilla.basic_assertion.CalculatorTestSuite" time="0.001"/>
  <testcase name="testSubtract()" classname="com.kodilla.basic_assertion.CalculatorTestSuite" time="0.001"/>
  <testcase name="testSquare1()" classname="com.kodilla.basic_assertion.CalculatorTestSuite" time="0.001"/>
  <testcase name="testSquare2()" classname="com.kodilla.basic_assertion.CalculatorTestSuite" time="0.001"/>
  <testcase name="testSquare3()" classname="com.kodilla.basic_assertion.CalculatorTestSuite" time="0.001"/>
  <system-out><![CDATA[]]></system-out>
  <system-err><![CDATA[]]></system-err>
</testsuite>
