<?xml version="1.0" encoding="UTF-8"?>
<testsuite name="com.kodilla.MyExercises.Books.BookRepositoryTest" tests="2" skipped="0" failures="0" errors="0" timestamp="2025-11-28T18:09:43.970Z" hostname="DESKTOP-CMK6P3P" time="0.005">
  <properties/>
  <testcase name="shouldAddBooksAndCountThem()" classname="com.kodilla.MyExercises.Books.BookRepositoryTest" time="0.004"/>
  <testcase name="shouldVerifyGetBooksByAuthor()" classname="com.kodilla.MyExercises.Books.BookRepositoryTest" time="0.0"/>
  <system-out><![CDATA[]]></system-out>
  <system-err><![CDATA[]]></system-err>
</testsuite>
