<?xml version="1.0" encoding="UTF-8"?>
<testsuite name="com.kodilla.MyExercises.StudentGradesTestSuite" tests="5" skipped="0" failures="0" errors="0" timestamp="2025-11-28T18:09:43.934Z" hostname="DESKTOP-CMK6P3P" time="0.012">
  <properties/>
  <testcase name="getAllGrades()" classname="com.kodilla.MyExercises.StudentGradesTestSuite" time="0.001"/>
  <testcase name="testAddGrade()" classname="com.kodilla.MyExercises.StudentGradesTestSuite" time="0.001"/>
  <testcase name="calculateAverage()" classname="com.kodilla.MyExercises.StudentGradesTestSuite" time="0.002"/>
  <testcase name="testGetGrades()" classname="com.kodilla.MyExercises.StudentGradesTestSuite" time="0.001"/>
  <testcase name="getAllStudents()" classname="com.kodilla.MyExercises.StudentGradesTestSuite" time="0.001"/>
  <system-out><![CDATA[]]></system-out>
  <system-err><![CDATA[]]></system-err>
</testsuite>
