<?xml version="1.0" encoding="UTF-8"?>
<testsuite name="com.kodilla.MyExercises.MyExercisesTestSuite" tests="6" skipped="0" failures="0" errors="0" timestamp="2025-11-28T18:09:43.894Z" hostname="DESKTOP-CMK6P3P" time="0.02">
  <properties/>
  <testcase name="isPalindromeKajak()" classname="com.kodilla.MyExercises.MyExercisesTestSuite" time="0.004"/>
  <testcase name="isPalindromePustyString()" classname="com.kodilla.MyExercises.MyExercisesTestSuite" time="0.002"/>
  <testcase name="isPalindromeKajakZDuzej()" classname="com.kodilla.MyExercises.MyExercisesTestSuite" time="0.002"/>
  <testcase name="isPalindromeAnna()" classname="com.kodilla.MyExercises.MyExercisesTestSuite" time="0.001"/>
  <testcase name="isPalindromeNull()" classname="com.kodilla.MyExercises.MyExercisesTestSuite" time="0.002"/>
  <testcase name="isPalindromeTest()" classname="com.kodilla.MyExercises.MyExercisesTestSuite" time="0.001"/>
  <system-out><![CDATA[]]></system-out>
  <system-err><![CDATA[]]></system-err>
</testsuite>
