<?xml version="1.0" encoding="UTF-8"?>
<testsuite name="com.kodilla.MyExercises.ShoppingListTestSuite" tests="2" skipped="0" failures="0" errors="0" timestamp="2025-11-28T18:09:43.919Z" hostname="DESKTOP-CMK6P3P" time="0.008">
  <properties/>
  <testcase name="TestAddItemToList()" classname="com.kodilla.MyExercises.ShoppingListTestSuite" time="0.006"/>
  <testcase name="TestCountItemsPerUser()" classname="com.kodilla.MyExercises.ShoppingListTestSuite" time="0.001"/>
  <system-out><![CDATA[]]></system-out>
  <system-err><![CDATA[]]></system-err>
</testsuite>
