<?xml version="1.0" encoding="UTF-8"?>
<testsuite name="com.kodilla.MyExercises.streamIoptional.AppTestSuite" tests="4" skipped="0" failures="0" errors="0" timestamp="2025-11-28T18:09:43.980Z" hostname="DESKTOP-CMK6P3P" time="0.018">
  <properties/>
  <testcase name="shouldReturnAverageLengthWithinValidRange()" classname="com.kodilla.MyExercises.streamIoptional.AppTestSuite" time="0.008"/>
  <testcase name="shouldCalculateAverageLengthOfUserIds()" classname="com.kodilla.MyExercises.streamIoptional.AppTestSuite" time="0.001"/>
  <testcase name="shouldVerifyifNullIsSkipped()" classname="com.kodilla.MyExercises.streamIoptional.AppTestSuite" time="0.002"/>
  <testcase name="shouldReturnOnlyUsersWithPhoneNumbers()" classname="com.kodilla.MyExercises.streamIoptional.AppTestSuite" time="0.003"/>
  <system-out><![CDATA[]]></system-out>
  <system-err><![CDATA[]]></system-err>
</testsuite>
