<?xml version="1.0" encoding="UTF-8"?>
<testsuite name="com.kodilla.abstracts.homework.TriangleTest" tests="2" skipped="0" failures="0" errors="0" timestamp="2025-11-28T18:09:44.055Z" hostname="DESKTOP-CMK6P3P" time="0.006">
  <properties/>
  <testcase name="testSurfaceArea()" classname="com.kodilla.abstracts.homework.TriangleTest" time="0.004"/>
  <testcase name="testCircumference()" classname="com.kodilla.abstracts.homework.TriangleTest" time="0.002"/>
  <system-out><![CDATA[Triangle's surface area is: 6.0
Triangle's circumference is: 12.0
]]></system-out>
  <system-err><![CDATA[]]></system-err>
</testsuite>
